<?xml version="1.0" encoding="UTF-8" ?>
<testsuite errors="0" failures="0" hostname="vinaya-VirtualBox" name="junit.SampleAddTest" skipped="0" tests="1" time="0.171" timestamp="2015-11-19T10:14:34">
  <properties>
    <property name="ant.project.invoked-targets" value="main" />
    <property name="java.runtime.name" value="OpenJDK Runtime Environment" />
    <property name="sun.boot.library.path" value="/usr/lib/jvm/java-7-openjdk-i386/jre/lib/i386" />
    <property name="java.vm.version" value="24.85-b03" />
    <property name="ant.library.dir" value="/usr/share/ant/lib" />
    <property name="ant.version" value="Apache Ant(TM) version 1.9.3 compiled on April 8 2014" />
    <property name="ant.java.version" value="1.7" />
    <property name="java.vm.vendor" value="Oracle Corporation" />
    <property name="java.vendor.url" value="http://java.oracle.com/" />
    <property name="path.separator" value=":" />
    <property name="java.vm.name" value="OpenJDK Client VM" />
    <property name="file.encoding.pkg" value="sun.io" />
    <property name="user.country" value="IN" />
    <property name="sun.java.launcher" value="SUN_STANDARD" />
    <property name="sun.os.patch.level" value="unknown" />
    <property name="java.vm.specification.name" value="Java Virtual Machine Specification" />
    <property name="user.dir" value="/home/vinaya/ghci_demo/ghci_ws_1/sample" />
    <property name="java.runtime.version" value="1.7.0_85-b01" />
    <property name="java.awt.graphicsenv" value="sun.awt.X11GraphicsEnvironment" />
    <property name="basedir" value="/home/vinaya/ghci_demo/ghci_ws_1/sample" />
    <property name="java.endorsed.dirs" value="/usr/lib/jvm/java-7-openjdk-i386/jre/lib/endorsed" />
    <property name="os.arch" value="i386" />
    <property name="ant.file.type.JUNIT" value="file" />
    <property name="ant.project.default-target" value="main" />
    <property name="java.io.tmpdir" value="/tmp" />
    <property name="ant.core.lib" value="/usr/share/ant/lib/ant.jar" />
    <property name="line.separator" value="&#xa;" />
    <property name="java.vm.specification.vendor" value="Oracle Corporation" />
    <property name="os.name" value="Linux" />
    <property name="ant.home" value="/usr/share/ant" />
    <property name="build.test.dir" value="/home/vinaya/ghci_demo/ghci_ws_1/sample/bin/tests" />
    <property name="build.dir" value="/home/vinaya/ghci_demo/ghci_ws_1/sample/bin" />
    <property name="ant.project.name" value="JUNIT" />
    <property name="sun.jnu.encoding" value="UTF-8" />
    <property name="java.library.path" value="/usr/java/packages/lib/i386:/usr/lib/i386-linux-gnu/jni:/lib/i386-linux-gnu:/usr/lib/i386-linux-gnu:/usr/lib/jni:/lib:/usr/lib" />
    <property name="java.specification.name" value="Java Platform API Specification" />
    <property name="java.class.version" value="51.0" />
    <property name="test.report.dir" value="/home/vinaya/ghci_demo/ghci_ws_1/sample/testreport" />
    <property name="sun.management.compiler" value="HotSpot Client Compiler" />
    <property name="os.version" value="3.19.0-25-generic" />
    <property name="ant.file" value="/home/vinaya/ghci_demo/ghci_ws_1/sample/build.xml" />
    <property name="user.home" value="/var/lib/jenkins" />
    <property name="user.timezone" value="" />
    <property name="java.awt.printerjob" value="sun.print.PSPrinterJob" />
    <property name="java.specification.version" value="1.7" />
    <property name="file.encoding" value="UTF-8" />
    <property name="user.name" value="jenkins" />
    <property name="java.class.path" value="/home/vinaya/ghci_demo/ghci_ws_1/sample/lib/junit-4.11.jar:/home/vinaya/ghci_demo/ghci_ws_1/sample/lib/hamcrest-core-1.3.jar:/home/vinaya/ghci_demo/ghci_ws_1/sample/bin:/home/vinaya/ghci_demo/ghci_ws_1/sample/bin/tests:/usr/share/ant/lib/junit.jar:/usr/share/java/ant-launcher-1.9.3.jar:/usr/share/ant/lib/ant.jar:/usr/share/ant/lib/ant-junit.jar:/usr/share/ant/lib/ant-junit4.jar" />
    <property name="ant.file.JUNIT" value="/home/vinaya/ghci_demo/ghci_ws_1/sample/build.xml" />
    <property name="build.testclass.dir" value="/home/vinaya/ghci_demo/ghci_ws_1/sample/bin/tests/com/home/junit" />
    <property name="java.vm.specification.version" value="1.7" />
    <property name="java.home" value="/usr/lib/jvm/java-7-openjdk-i386/jre" />
    <property name="sun.java.command" value="org.apache.tools.ant.taskdefs.optional.junit.JUnitTestRunner junit.SampleAddTest skipNonTests=false filtertrace=true haltOnError=false haltOnFailure=true formatter=org.apache.tools.ant.taskdefs.optional.junit.SummaryJUnitResultFormatter showoutput=false outputtoformatters=true logfailedtests=true logtestlistenerevents=false formatter=org.apache.tools.ant.taskdefs.optional.junit.XMLJUnitResultFormatter,/home/vinaya/ghci_demo/ghci_ws_1/sample/testreport/TEST-junit.SampleAddTest.xml crashfile=/home/vinaya/ghci_demo/ghci_ws_1/sample/junitvmwatcher6732457763322121075.properties propsfile=/home/vinaya/ghci_demo/ghci_ws_1/sample/junit3270306505705351935.properties" />
    <property name="sun.arch.data.model" value="32" />
    <property name="java.specification.vendor" value="Oracle Corporation" />
    <property name="user.language" value="en" />
    <property name="awt.toolkit" value="sun.awt.X11.XToolkit" />
    <property name="java.vm.info" value="mixed mode, sharing" />
    <property name="test.dir" value="/home/vinaya/ghci_demo/ghci_ws_1/sample/tests" />
    <property name="java.version" value="1.7.0_85" />
    <property name="java.ext.dirs" value="/usr/lib/jvm/java-7-openjdk-i386/jre/lib/ext:/usr/java/packages/lib/ext" />
    <property name="sun.boot.class.path" value="/usr/lib/jvm/java-7-openjdk-i386/jre/lib/resources.jar:/usr/lib/jvm/java-7-openjdk-i386/jre/lib/rt.jar:/usr/lib/jvm/java-7-openjdk-i386/jre/lib/sunrsasign.jar:/usr/lib/jvm/java-7-openjdk-i386/jre/lib/jsse.jar:/usr/lib/jvm/java-7-openjdk-i386/jre/lib/jce.jar:/usr/lib/jvm/java-7-openjdk-i386/jre/lib/charsets.jar:/usr/lib/jvm/java-7-openjdk-i386/jre/lib/rhino.jar:/usr/lib/jvm/java-7-openjdk-i386/jre/lib/jfr.jar:/usr/lib/jvm/java-7-openjdk-i386/jre/classes" />
    <property name="java.vendor" value="Oracle Corporation" />
    <property name="file.separator" value="/" />
    <property name="src.dir" value="/home/vinaya/ghci_demo/ghci_ws_1/sample/src" />
    <property name="java.vendor.url.bug" value="http://bugreport.sun.com/bugreport/" />
    <property name="sun.cpu.endian" value="little" />
    <property name="sun.io.unicode.encoding" value="UnicodeLittle" />
    <property name="ant.file.type" value="file" />
    <property name="sun.cpu.isalist" value="" />
  </properties>
  <testcase classname="junit.SampleAddTest" name="testAdd" time="0.006" />
  <system-out><![CDATA[]]></system-out>
  <system-err><![CDATA[]]></system-err>
</testsuite>
